The system is: Darwin - 11.4.2 - i386
Compiling the C compiler identification source file "CMakeCCompilerId.c" succeeded.
Compiler: /usr/bin/cc 
Build flags: 
Id flags: 

The output was:
0


Compilation of the C compiler identification source "CMakeCCompilerId.c" produced "a.out"

The C compiler identification is GNU, found in "/Users/michaelguarino/ShareCameraQt/CMakeFiles/2.8.10.2/CompilerIdC/a.out"

Compiling the CXX compiler identification source file "CMakeCXXCompilerId.cpp" succeeded.
Compiler: /usr/bin/c++ 
Build flags: 
Id flags: 

The output was:
0


Compilation of the CXX compiler identification source "CMakeCXXCompilerId.cpp" produced "a.out"

The CXX compiler identification is GNU, found in "/Users/michaelguarino/ShareCameraQt/CMakeFiles/2.8.10.2/CompilerIdCXX/a.out"

Determining if the C compiler works passed with the following output:
Change Dir: /Users/michaelguarino/ShareCameraQt/CMakeFiles/CMakeTmp

Run Build Command:/usr/bin/make "cmTryCompileExec3869437054/fast"
/usr/bin/make -f CMakeFiles/cmTryCompileExec3869437054.dir/build.make CMakeFiles/cmTryCompileExec3869437054.dir/build
"/Applications/CMake 2.8-10.app/Contents/bin/cmake" -E cmake_progress_report /Users/michaelguarino/ShareCameraQt/CMakeFiles/CMakeTmp/CMakeFiles 1
Building C object CMakeFiles/cmTryCompileExec3869437054.dir/testCCompiler.c.o
/usr/bin/cc    -o CMakeFiles/cmTryCompileExec3869437054.dir/testCCompiler.c.o   -c /Users/michaelguarino/ShareCameraQt/CMakeFiles/CMakeTmp/testCCompiler.c
Linking C executable cmTryCompileExec3869437054
"/Applications/CMake 2.8-10.app/Contents/bin/cmake" -E cmake_link_script CMakeFiles/cmTryCompileExec3869437054.dir/link.txt --verbose=1
/usr/bin/cc      -Wl,-search_paths_first -Wl,-headerpad_max_install_names   CMakeFiles/cmTryCompileExec3869437054.dir/testCCompiler.c.o  -o cmTryCompileExec3869437054  


Detecting C compiler ABI info compiled with the following output:
Change Dir: /Users/michaelguarino/ShareCameraQt/CMakeFiles/CMakeTmp

Run Build Command:/usr/bin/make "cmTryCompileExec3050039274/fast"
/usr/bin/make -f CMakeFiles/cmTryCompileExec3050039274.dir/build.make CMakeFiles/cmTryCompileExec3050039274.dir/build
"/Applications/CMake 2.8-10.app/Contents/bin/cmake" -E cmake_progress_report /Users/michaelguarino/ShareCameraQt/CMakeFiles/CMakeTmp/CMakeFiles 1
Building C object CMakeFiles/cmTryCompileExec3050039274.dir/CMakeCCompilerABI.c.o
/usr/bin/cc    -o CMakeFiles/cmTryCompileExec3050039274.dir/CMakeCCompilerABI.c.o   -c "/Applications/CMake 2.8-10.app/Contents/share/cmake-2.8/Modules/CMakeCCompilerABI.c"
Linking C executable cmTryCompileExec3050039274
"/Applications/CMake 2.8-10.app/Contents/bin/cmake" -E cmake_link_script CMakeFiles/cmTryCompileExec3050039274.dir/link.txt --verbose=1
/usr/bin/cc      -Wl,-search_paths_first -Wl,-headerpad_max_install_names -v CMakeFiles/cmTryCompileExec3050039274.dir/CMakeCCompilerABI.c.o  -o cmTryCompileExec3050039274   
Using built-in specs.
Target: i686-apple-darwin11
Configured with: /private/var/tmp/llvmgcc42/llvmgcc42-2335.15~25/src/configure --disable-checking --enable-werror --prefix=/Developer/usr/llvm-gcc-4.2 --mandir=/share/man --enable-languages=c,objc,c++,obj-c++ --program-prefix=llvm- --program-transform-name=/^[cg][^.-]*$/s/$/-4.2/ --with-slibdir=/usr/lib --build=i686-apple-darwin11 --enable-llvm=/private/var/tmp/llvmgcc42/llvmgcc42-2335.15~25/dst-llvmCore/Developer/usr/local --program-prefix=i686-apple-darwin11- --host=x86_64-apple-darwin11 --target=i686-apple-darwin11 --with-gxx-include-dir=/usr/include/c++/4.2.1
Thread model: posix
gcc version 4.2.1 (Based on Apple Inc. build 5658) (LLVM build 2335.15.00)
 /usr/llvm-gcc-4.2/bin/../libexec/gcc/i686-apple-darwin11/4.2.1/collect2 -dynamic -arch x86_64 -macosx_version_min 10.7.4 -weak_reference_mismatches non-weak -o cmTryCompileExec3050039274 -lcrt1.10.6.o -L/usr/llvm-gcc-4.2/bin/../lib/gcc/i686-apple-darwin11/4.2.1/x86_64 -L/usr/lib/gcc/i686-apple-darwin11/4.2.1/x86_64 -L/usr/lib/i686-apple-darwin11/4.2.1 -L/usr/llvm-gcc-4.2/bin/../lib/gcc/i686-apple-darwin11/4.2.1 -L/usr/llvm-gcc-4.2/bin/../lib/gcc -L/usr/lib/gcc/i686-apple-darwin11/4.2.1 -L/usr/llvm-gcc-4.2/bin/../lib/gcc/i686-apple-darwin11/4.2.1/../../.. -search_paths_first -headerpad_max_install_names CMakeFiles/cmTryCompileExec3050039274.dir/CMakeCCompilerABI.c.o -lSystem -lgcc -lSystem


Parsed C implicit link information from above output:
  link line regex: [^( *|.*[/\])(ld|ld|collect2)[^/\]*( |$)]
  ignore line: [Change Dir: /Users/michaelguarino/ShareCameraQt/CMakeFiles/CMakeTmp]
  ignore line: []
  ignore line: [Run Build Command:/usr/bin/make "cmTryCompileExec3050039274/fast"]
  ignore line: [/usr/bin/make -f CMakeFiles/cmTryCompileExec3050039274.dir/build.make CMakeFiles/cmTryCompileExec3050039274.dir/build]
  ignore line: ["/Applications/CMake 2.8-10.app/Contents/bin/cmake" -E cmake_progress_report /Users/michaelguarino/ShareCameraQt/CMakeFiles/CMakeTmp/CMakeFiles 1]
  ignore line: [Building C object CMakeFiles/cmTryCompileExec3050039274.dir/CMakeCCompilerABI.c.o]
  ignore line: [/usr/bin/cc    -o CMakeFiles/cmTryCompileExec3050039274.dir/CMakeCCompilerABI.c.o   -c "/Applications/CMake 2.8-10.app/Contents/share/cmake-2.8/Modules/CMakeCCompilerABI.c"]
  ignore line: [Linking C executable cmTryCompileExec3050039274]
  ignore line: ["/Applications/CMake 2.8-10.app/Contents/bin/cmake" -E cmake_link_script CMakeFiles/cmTryCompileExec3050039274.dir/link.txt --verbose=1]
  ignore line: [/usr/bin/cc      -Wl,-search_paths_first -Wl,-headerpad_max_install_names -v CMakeFiles/cmTryCompileExec3050039274.dir/CMakeCCompilerABI.c.o  -o cmTryCompileExec3050039274   ]
  ignore line: [Using built-in specs.]
  ignore line: [Target: i686-apple-darwin11]
  ignore line: [Configured with: /private/var/tmp/llvmgcc42/llvmgcc42-2335.15~25/src/configure --disable-checking --enable-werror --prefix=/Developer/usr/llvm-gcc-4.2 --mandir=/share/man --enable-languages=c,objc,c++,obj-c++ --program-prefix=llvm- --program-transform-name=/^[cg][^.-]*$/s/$/-4.2/ --with-slibdir=/usr/lib --build=i686-apple-darwin11 --enable-llvm=/private/var/tmp/llvmgcc42/llvmgcc42-2335.15~25/dst-llvmCore/Developer/usr/local --program-prefix=i686-apple-darwin11- --host=x86_64-apple-darwin11 --target=i686-apple-darwin11 --with-gxx-include-dir=/usr/include/c++/4.2.1]
  ignore line: [Thread model: posix]
  ignore line: [gcc version 4.2.1 (Based on Apple Inc. build 5658) (LLVM build 2335.15.00)]
  link line: [ /usr/llvm-gcc-4.2/bin/../libexec/gcc/i686-apple-darwin11/4.2.1/collect2 -dynamic -arch x86_64 -macosx_version_min 10.7.4 -weak_reference_mismatches non-weak -o cmTryCompileExec3050039274 -lcrt1.10.6.o -L/usr/llvm-gcc-4.2/bin/../lib/gcc/i686-apple-darwin11/4.2.1/x86_64 -L/usr/lib/gcc/i686-apple-darwin11/4.2.1/x86_64 -L/usr/lib/i686-apple-darwin11/4.2.1 -L/usr/llvm-gcc-4.2/bin/../lib/gcc/i686-apple-darwin11/4.2.1 -L/usr/llvm-gcc-4.2/bin/../lib/gcc -L/usr/lib/gcc/i686-apple-darwin11/4.2.1 -L/usr/llvm-gcc-4.2/bin/../lib/gcc/i686-apple-darwin11/4.2.1/../../.. -search_paths_first -headerpad_max_install_names CMakeFiles/cmTryCompileExec3050039274.dir/CMakeCCompilerABI.c.o -lSystem -lgcc -lSystem]
    arg [/usr/llvm-gcc-4.2/bin/../libexec/gcc/i686-apple-darwin11/4.2.1/collect2] ==> ignore
    arg [-dynamic] ==> ignore
    arg [-arch] ==> ignore
    arg [x86_64] ==> ignore
    arg [-macosx_version_min] ==> ignore
    arg [10.7.4] ==> ignore
    arg [-weak_reference_mismatches] ==> ignore
    arg [non-weak] ==> ignore
    arg [-o] ==> ignore
    arg [cmTryCompileExec3050039274] ==> ignore
    arg [-lcrt1.10.6.o] ==> lib [crt1.10.6.o]
    arg [-L/usr/llvm-gcc-4.2/bin/../lib/gcc/i686-apple-darwin11/4.2.1/x86_64] ==> dir [/usr/llvm-gcc-4.2/bin/../lib/gcc/i686-apple-darwin11/4.2.1/x86_64]
    arg [-L/usr/lib/gcc/i686-apple-darwin11/4.2.1/x86_64] ==> dir [/usr/lib/gcc/i686-apple-darwin11/4.2.1/x86_64]
    arg [-L/usr/lib/i686-apple-darwin11/4.2.1] ==> dir [/usr/lib/i686-apple-darwin11/4.2.1]
    arg [-L/usr/llvm-gcc-4.2/bin/../lib/gcc/i686-apple-darwin11/4.2.1] ==> dir [/usr/llvm-gcc-4.2/bin/../lib/gcc/i686-apple-darwin11/4.2.1]
    arg [-L/usr/llvm-gcc-4.2/bin/../lib/gcc] ==> dir [/usr/llvm-gcc-4.2/bin/../lib/gcc]
    arg [-L/usr/lib/gcc/i686-apple-darwin11/4.2.1] ==> dir [/usr/lib/gcc/i686-apple-darwin11/4.2.1]
    arg [-L/usr/llvm-gcc-4.2/bin/../lib/gcc/i686-apple-darwin11/4.2.1/../../..] ==> dir [/usr/llvm-gcc-4.2/bin/../lib/gcc/i686-apple-darwin11/4.2.1/../../..]
    arg [-search_paths_first] ==> ignore
    arg [-headerpad_max_install_names] ==> ignore
    arg [CMakeFiles/cmTryCompileExec3050039274.dir/CMakeCCompilerABI.c.o] ==> ignore
    arg [-lSystem] ==> lib [System]
    arg [-lgcc] ==> lib [gcc]
    arg [-lSystem] ==> lib [System]
  remove lib [crt1.10.6.o]
  remove lib [System]
  remove lib [gcc]
  remove lib [System]
  collapse dir [/usr/llvm-gcc-4.2/bin/../lib/gcc/i686-apple-darwin11/4.2.1/x86_64] ==> [/usr/llvm-gcc-4.2/lib/gcc/i686-apple-darwin11/4.2.1/x86_64]
  collapse dir [/usr/lib/gcc/i686-apple-darwin11/4.2.1/x86_64] ==> [/usr/lib/gcc/i686-apple-darwin11/4.2.1/x86_64]
  collapse dir [/usr/lib/i686-apple-darwin11/4.2.1] ==> [/usr/lib/i686-apple-darwin11/4.2.1]
  collapse dir [/usr/llvm-gcc-4.2/bin/../lib/gcc/i686-apple-darwin11/4.2.1] ==> [/usr/llvm-gcc-4.2/lib/gcc/i686-apple-darwin11/4.2.1]
  collapse dir [/usr/llvm-gcc-4.2/bin/../lib/gcc] ==> [/usr/llvm-gcc-4.2/lib/gcc]
  collapse dir [/usr/lib/gcc/i686-apple-darwin11/4.2.1] ==> [/usr/lib/gcc/i686-apple-darwin11/4.2.1]
  collapse dir [/usr/llvm-gcc-4.2/bin/../lib/gcc/i686-apple-darwin11/4.2.1/../../..] ==> [/usr/llvm-gcc-4.2/lib]
  implicit libs: []
  implicit dirs: [/usr/llvm-gcc-4.2/lib/gcc/i686-apple-darwin11/4.2.1/x86_64;/usr/lib/gcc/i686-apple-darwin11/4.2.1/x86_64;/usr/lib/i686-apple-darwin11/4.2.1;/usr/llvm-gcc-4.2/lib/gcc/i686-apple-darwin11/4.2.1;/usr/llvm-gcc-4.2/lib/gcc;/usr/lib/gcc/i686-apple-darwin11/4.2.1;/usr/llvm-gcc-4.2/lib]


Determining if the CXX compiler works passed with the following output:
Change Dir: /Users/michaelguarino/ShareCameraQt/CMakeFiles/CMakeTmp

Run Build Command:/usr/bin/make "cmTryCompileExec2602173530/fast"
/usr/bin/make -f CMakeFiles/cmTryCompileExec2602173530.dir/build.make CMakeFiles/cmTryCompileExec2602173530.dir/build
"/Applications/CMake 2.8-10.app/Contents/bin/cmake" -E cmake_progress_report /Users/michaelguarino/ShareCameraQt/CMakeFiles/CMakeTmp/CMakeFiles 1
Building CXX object CMakeFiles/cmTryCompileExec2602173530.dir/testCXXCompiler.cxx.o
/usr/bin/c++     -o CMakeFiles/cmTryCompileExec2602173530.dir/testCXXCompiler.cxx.o -c /Users/michaelguarino/ShareCameraQt/CMakeFiles/CMakeTmp/testCXXCompiler.cxx
Linking CXX executable cmTryCompileExec2602173530
"/Applications/CMake 2.8-10.app/Contents/bin/cmake" -E cmake_link_script CMakeFiles/cmTryCompileExec2602173530.dir/link.txt --verbose=1
/usr/bin/c++       -Wl,-search_paths_first -Wl,-headerpad_max_install_names   CMakeFiles/cmTryCompileExec2602173530.dir/testCXXCompiler.cxx.o  -o cmTryCompileExec2602173530  


Detecting CXX compiler ABI info compiled with the following output:
Change Dir: /Users/michaelguarino/ShareCameraQt/CMakeFiles/CMakeTmp

Run Build Command:/usr/bin/make "cmTryCompileExec2214923296/fast"
/usr/bin/make -f CMakeFiles/cmTryCompileExec2214923296.dir/build.make CMakeFiles/cmTryCompileExec2214923296.dir/build
"/Applications/CMake 2.8-10.app/Contents/bin/cmake" -E cmake_progress_report /Users/michaelguarino/ShareCameraQt/CMakeFiles/CMakeTmp/CMakeFiles 1
Building CXX object CMakeFiles/cmTryCompileExec2214923296.dir/CMakeCXXCompilerABI.cpp.o
/usr/bin/c++     -o CMakeFiles/cmTryCompileExec2214923296.dir/CMakeCXXCompilerABI.cpp.o -c "/Applications/CMake 2.8-10.app/Contents/share/cmake-2.8/Modules/CMakeCXXCompilerABI.cpp"
Linking CXX executable cmTryCompileExec2214923296
"/Applications/CMake 2.8-10.app/Contents/bin/cmake" -E cmake_link_script CMakeFiles/cmTryCompileExec2214923296.dir/link.txt --verbose=1
/usr/bin/c++       -Wl,-search_paths_first -Wl,-headerpad_max_install_names -v CMakeFiles/cmTryCompileExec2214923296.dir/CMakeCXXCompilerABI.cpp.o  -o cmTryCompileExec2214923296   
Using built-in specs.
Target: i686-apple-darwin11
Configured with: /private/var/tmp/llvmgcc42/llvmgcc42-2335.15~25/src/configure --disable-checking --enable-werror --prefix=/Developer/usr/llvm-gcc-4.2 --mandir=/share/man --enable-languages=c,objc,c++,obj-c++ --program-prefix=llvm- --program-transform-name=/^[cg][^.-]*$/s/$/-4.2/ --with-slibdir=/usr/lib --build=i686-apple-darwin11 --enable-llvm=/private/var/tmp/llvmgcc42/llvmgcc42-2335.15~25/dst-llvmCore/Developer/usr/local --program-prefix=i686-apple-darwin11- --host=x86_64-apple-darwin11 --target=i686-apple-darwin11 --with-gxx-include-dir=/usr/include/c++/4.2.1
Thread model: posix
gcc version 4.2.1 (Based on Apple Inc. build 5658) (LLVM build 2335.15.00)
 /usr/llvm-gcc-4.2/bin/../libexec/gcc/i686-apple-darwin11/4.2.1/collect2 -dynamic -arch x86_64 -macosx_version_min 10.7.4 -weak_reference_mismatches non-weak -o cmTryCompileExec2214923296 -lcrt1.10.6.o -L/usr/llvm-gcc-4.2/bin/../lib/gcc/i686-apple-darwin11/4.2.1/x86_64 -L/usr/lib/gcc/i686-apple-darwin11/4.2.1/x86_64 -L/usr/lib/i686-apple-darwin11/4.2.1 -L/usr/llvm-gcc-4.2/bin/../lib/gcc/i686-apple-darwin11/4.2.1 -L/usr/llvm-gcc-4.2/bin/../lib/gcc -L/usr/lib/gcc/i686-apple-darwin11/4.2.1 -L/usr/llvm-gcc-4.2/bin/../lib/gcc/i686-apple-darwin11/4.2.1/../../.. -search_paths_first -headerpad_max_install_names CMakeFiles/cmTryCompileExec2214923296.dir/CMakeCXXCompilerABI.cpp.o -lstdc++ -lSystem -lgcc -lSystem


Parsed CXX implicit link information from above output:
  link line regex: [^( *|.*[/\])(ld|ld|collect2)[^/\]*( |$)]
  ignore line: [Change Dir: /Users/michaelguarino/ShareCameraQt/CMakeFiles/CMakeTmp]
  ignore line: []
  ignore line: [Run Build Command:/usr/bin/make "cmTryCompileExec2214923296/fast"]
  ignore line: [/usr/bin/make -f CMakeFiles/cmTryCompileExec2214923296.dir/build.make CMakeFiles/cmTryCompileExec2214923296.dir/build]
  ignore line: ["/Applications/CMake 2.8-10.app/Contents/bin/cmake" -E cmake_progress_report /Users/michaelguarino/ShareCameraQt/CMakeFiles/CMakeTmp/CMakeFiles 1]
  ignore line: [Building CXX object CMakeFiles/cmTryCompileExec2214923296.dir/CMakeCXXCompilerABI.cpp.o]
  ignore line: [/usr/bin/c++     -o CMakeFiles/cmTryCompileExec2214923296.dir/CMakeCXXCompilerABI.cpp.o -c "/Applications/CMake 2.8-10.app/Contents/share/cmake-2.8/Modules/CMakeCXXCompilerABI.cpp"]
  ignore line: [Linking CXX executable cmTryCompileExec2214923296]
  ignore line: ["/Applications/CMake 2.8-10.app/Contents/bin/cmake" -E cmake_link_script CMakeFiles/cmTryCompileExec2214923296.dir/link.txt --verbose=1]
  ignore line: [/usr/bin/c++       -Wl,-search_paths_first -Wl,-headerpad_max_install_names -v CMakeFiles/cmTryCompileExec2214923296.dir/CMakeCXXCompilerABI.cpp.o  -o cmTryCompileExec2214923296   ]
  ignore line: [Using built-in specs.]
  ignore line: [Target: i686-apple-darwin11]
  ignore line: [Configured with: /private/var/tmp/llvmgcc42/llvmgcc42-2335.15~25/src/configure --disable-checking --enable-werror --prefix=/Developer/usr/llvm-gcc-4.2 --mandir=/share/man --enable-languages=c,objc,c++,obj-c++ --program-prefix=llvm- --program-transform-name=/^[cg][^.-]*$/s/$/-4.2/ --with-slibdir=/usr/lib --build=i686-apple-darwin11 --enable-llvm=/private/var/tmp/llvmgcc42/llvmgcc42-2335.15~25/dst-llvmCore/Developer/usr/local --program-prefix=i686-apple-darwin11- --host=x86_64-apple-darwin11 --target=i686-apple-darwin11 --with-gxx-include-dir=/usr/include/c++/4.2.1]
  ignore line: [Thread model: posix]
  ignore line: [gcc version 4.2.1 (Based on Apple Inc. build 5658) (LLVM build 2335.15.00)]
  link line: [ /usr/llvm-gcc-4.2/bin/../libexec/gcc/i686-apple-darwin11/4.2.1/collect2 -dynamic -arch x86_64 -macosx_version_min 10.7.4 -weak_reference_mismatches non-weak -o cmTryCompileExec2214923296 -lcrt1.10.6.o -L/usr/llvm-gcc-4.2/bin/../lib/gcc/i686-apple-darwin11/4.2.1/x86_64 -L/usr/lib/gcc/i686-apple-darwin11/4.2.1/x86_64 -L/usr/lib/i686-apple-darwin11/4.2.1 -L/usr/llvm-gcc-4.2/bin/../lib/gcc/i686-apple-darwin11/4.2.1 -L/usr/llvm-gcc-4.2/bin/../lib/gcc -L/usr/lib/gcc/i686-apple-darwin11/4.2.1 -L/usr/llvm-gcc-4.2/bin/../lib/gcc/i686-apple-darwin11/4.2.1/../../.. -search_paths_first -headerpad_max_install_names CMakeFiles/cmTryCompileExec2214923296.dir/CMakeCXXCompilerABI.cpp.o -lstdc++ -lSystem -lgcc -lSystem]
    arg [/usr/llvm-gcc-4.2/bin/../libexec/gcc/i686-apple-darwin11/4.2.1/collect2] ==> ignore
    arg [-dynamic] ==> ignore
    arg [-arch] ==> ignore
    arg [x86_64] ==> ignore
    arg [-macosx_version_min] ==> ignore
    arg [10.7.4] ==> ignore
    arg [-weak_reference_mismatches] ==> ignore
    arg [non-weak] ==> ignore
    arg [-o] ==> ignore
    arg [cmTryCompileExec2214923296] ==> ignore
    arg [-lcrt1.10.6.o] ==> lib [crt1.10.6.o]
    arg [-L/usr/llvm-gcc-4.2/bin/../lib/gcc/i686-apple-darwin11/4.2.1/x86_64] ==> dir [/usr/llvm-gcc-4.2/bin/../lib/gcc/i686-apple-darwin11/4.2.1/x86_64]
    arg [-L/usr/lib/gcc/i686-apple-darwin11/4.2.1/x86_64] ==> dir [/usr/lib/gcc/i686-apple-darwin11/4.2.1/x86_64]
    arg [-L/usr/lib/i686-apple-darwin11/4.2.1] ==> dir [/usr/lib/i686-apple-darwin11/4.2.1]
    arg [-L/usr/llvm-gcc-4.2/bin/../lib/gcc/i686-apple-darwin11/4.2.1] ==> dir [/usr/llvm-gcc-4.2/bin/../lib/gcc/i686-apple-darwin11/4.2.1]
    arg [-L/usr/llvm-gcc-4.2/bin/../lib/gcc] ==> dir [/usr/llvm-gcc-4.2/bin/../lib/gcc]
    arg [-L/usr/lib/gcc/i686-apple-darwin11/4.2.1] ==> dir [/usr/lib/gcc/i686-apple-darwin11/4.2.1]
    arg [-L/usr/llvm-gcc-4.2/bin/../lib/gcc/i686-apple-darwin11/4.2.1/../../..] ==> dir [/usr/llvm-gcc-4.2/bin/../lib/gcc/i686-apple-darwin11/4.2.1/../../..]
    arg [-search_paths_first] ==> ignore
    arg [-headerpad_max_install_names] ==> ignore
    arg [CMakeFiles/cmTryCompileExec2214923296.dir/CMakeCXXCompilerABI.cpp.o] ==> ignore
    arg [-lstdc++] ==> lib [stdc++]
    arg [-lSystem] ==> lib [System]
    arg [-lgcc] ==> lib [gcc]
    arg [-lSystem] ==> lib [System]
  remove lib [crt1.10.6.o]
  remove lib [System]
  remove lib [gcc]
  remove lib [System]
  collapse dir [/usr/llvm-gcc-4.2/bin/../lib/gcc/i686-apple-darwin11/4.2.1/x86_64] ==> [/usr/llvm-gcc-4.2/lib/gcc/i686-apple-darwin11/4.2.1/x86_64]
  collapse dir [/usr/lib/gcc/i686-apple-darwin11/4.2.1/x86_64] ==> [/usr/lib/gcc/i686-apple-darwin11/4.2.1/x86_64]
  collapse dir [/usr/lib/i686-apple-darwin11/4.2.1] ==> [/usr/lib/i686-apple-darwin11/4.2.1]
  collapse dir [/usr/llvm-gcc-4.2/bin/../lib/gcc/i686-apple-darwin11/4.2.1] ==> [/usr/llvm-gcc-4.2/lib/gcc/i686-apple-darwin11/4.2.1]
  collapse dir [/usr/llvm-gcc-4.2/bin/../lib/gcc] ==> [/usr/llvm-gcc-4.2/lib/gcc]
  collapse dir [/usr/lib/gcc/i686-apple-darwin11/4.2.1] ==> [/usr/lib/gcc/i686-apple-darwin11/4.2.1]
  collapse dir [/usr/llvm-gcc-4.2/bin/../lib/gcc/i686-apple-darwin11/4.2.1/../../..] ==> [/usr/llvm-gcc-4.2/lib]
  implicit libs: [stdc++]
  implicit dirs: [/usr/llvm-gcc-4.2/lib/gcc/i686-apple-darwin11/4.2.1/x86_64;/usr/lib/gcc/i686-apple-darwin11/4.2.1/x86_64;/usr/lib/i686-apple-darwin11/4.2.1;/usr/llvm-gcc-4.2/lib/gcc/i686-apple-darwin11/4.2.1;/usr/llvm-gcc-4.2/lib/gcc;/usr/lib/gcc/i686-apple-darwin11/4.2.1;/usr/llvm-gcc-4.2/lib]


Determining if the Q_WS_MAC exist passed with the following output:
Change Dir: /Users/michaelguarino/ShareCameraQt/CMakeFiles/CMakeTmp

Run Build Command:/usr/bin/make "cmTryCompileExec1792912198/fast"
/usr/bin/make -f CMakeFiles/cmTryCompileExec1792912198.dir/build.make CMakeFiles/cmTryCompileExec1792912198.dir/build
"/Applications/CMake 2.8-10.app/Contents/bin/cmake" -E cmake_progress_report /Users/michaelguarino/ShareCameraQt/CMakeFiles/CMakeTmp/CMakeFiles 1
Building CXX object CMakeFiles/cmTryCompileExec1792912198.dir/CheckSymbolExists.cxx.o
/usr/bin/c++    -Wno-deprecated -mlong-branch   -F/Library/Frameworks    -o CMakeFiles/cmTryCompileExec1792912198.dir/CheckSymbolExists.cxx.o -c /Users/michaelguarino/ShareCameraQt/CMakeFiles/CMakeTmp/CheckSymbolExists.cxx
Linking CXX executable cmTryCompileExec1792912198
"/Applications/CMake 2.8-10.app/Contents/bin/cmake" -E cmake_link_script CMakeFiles/cmTryCompileExec1792912198.dir/link.txt --verbose=1
/usr/bin/c++      -Wno-deprecated -mlong-branch   -Wl,-search_paths_first -Wl,-headerpad_max_install_names   CMakeFiles/cmTryCompileExec1792912198.dir/CheckSymbolExists.cxx.o  -o cmTryCompileExec1792912198  

File /Users/michaelguarino/ShareCameraQt/CMakeFiles/CMakeTmp/CheckSymbolExists.cxx:
/* */
#include <QtCore/qglobal.h>

int main(int argc, char** argv)
{
  (void)argv;
#ifndef Q_WS_MAC
  return ((int*)(&Q_WS_MAC))[argc];
#else
  (void)argc;
  return 0;
#endif
}

Determining if the QT_MAC_USE_COCOA exist passed with the following output:
Change Dir: /Users/michaelguarino/ShareCameraQt/CMakeFiles/CMakeTmp

Run Build Command:/usr/bin/make "cmTryCompileExec1010580839/fast"
/usr/bin/make -f CMakeFiles/cmTryCompileExec1010580839.dir/build.make CMakeFiles/cmTryCompileExec1010580839.dir/build
"/Applications/CMake 2.8-10.app/Contents/bin/cmake" -E cmake_progress_report /Users/michaelguarino/ShareCameraQt/CMakeFiles/CMakeTmp/CMakeFiles 1
Building CXX object CMakeFiles/cmTryCompileExec1010580839.dir/CheckSymbolExists.cxx.o
/usr/bin/c++    -Wno-deprecated -mlong-branch   -F/Library/Frameworks    -o CMakeFiles/cmTryCompileExec1010580839.dir/CheckSymbolExists.cxx.o -c /Users/michaelguarino/ShareCameraQt/CMakeFiles/CMakeTmp/CheckSymbolExists.cxx
Linking CXX executable cmTryCompileExec1010580839
"/Applications/CMake 2.8-10.app/Contents/bin/cmake" -E cmake_link_script CMakeFiles/cmTryCompileExec1010580839.dir/link.txt --verbose=1
/usr/bin/c++      -Wno-deprecated -mlong-branch   -Wl,-search_paths_first -Wl,-headerpad_max_install_names   CMakeFiles/cmTryCompileExec1010580839.dir/CheckSymbolExists.cxx.o  -o cmTryCompileExec1010580839  

File /Users/michaelguarino/ShareCameraQt/CMakeFiles/CMakeTmp/CheckSymbolExists.cxx:
/* */
#include <QtCore/qconfig.h>

int main(int argc, char** argv)
{
  (void)argv;
#ifndef QT_MAC_USE_COCOA
  return ((int*)(&QT_MAC_USE_COCOA))[argc];
#else
  (void)argc;
  return 0;
#endif
}

The system is: Linux - 3.2.0-38-generic-pae - i686
Compiling the C compiler identification source file "CMakeCCompilerId.c" succeeded.
Compiler: /usr/bin/gcc 
Build flags: 
Id flags: 

The output was:
0


Compilation of the C compiler identification source "CMakeCCompilerId.c" produced "a.out"

The C compiler identification is GNU, found in "/home/joe/workingOn/CMakeFiles/CompilerIdC/a.out"

Compiling the CXX compiler identification source file "CMakeCXXCompilerId.cpp" succeeded.
Compiler: /usr/bin/c++ 
Build flags: 
Id flags: 

The output was:
0


Compilation of the CXX compiler identification source "CMakeCXXCompilerId.cpp" produced "a.out"

The CXX compiler identification is GNU, found in "/home/joe/workingOn/CMakeFiles/CompilerIdCXX/a.out"

Determining if the C compiler works passed with the following output:
Change Dir: /home/joe/workingOn/CMakeFiles/CMakeTmp

Run Build Command:/usr/bin/make "cmTryCompileExec/fast"
/usr/bin/make -f CMakeFiles/cmTryCompileExec.dir/build.make CMakeFiles/cmTryCompileExec.dir/build
make[1]: Entering directory `/home/joe/workingOn/CMakeFiles/CMakeTmp'
/usr/bin/cmake -E cmake_progress_report /home/joe/workingOn/CMakeFiles/CMakeTmp/CMakeFiles 1
Building C object CMakeFiles/cmTryCompileExec.dir/testCCompiler.c.o
/usr/bin/gcc    -o CMakeFiles/cmTryCompileExec.dir/testCCompiler.c.o   -c /home/joe/workingOn/CMakeFiles/CMakeTmp/testCCompiler.c
Linking C executable cmTryCompileExec
/usr/bin/cmake -E cmake_link_script CMakeFiles/cmTryCompileExec.dir/link.txt --verbose=1
/usr/bin/gcc         CMakeFiles/cmTryCompileExec.dir/testCCompiler.c.o  -o cmTryCompileExec -rdynamic 
make[1]: Leaving directory `/home/joe/workingOn/CMakeFiles/CMakeTmp'


Detecting C compiler ABI info compiled with the following output:
Change Dir: /home/joe/workingOn/CMakeFiles/CMakeTmp

Run Build Command:/usr/bin/make "cmTryCompileExec/fast"
/usr/bin/make -f CMakeFiles/cmTryCompileExec.dir/build.make CMakeFiles/cmTryCompileExec.dir/build
make[1]: Entering directory `/home/joe/workingOn/CMakeFiles/CMakeTmp'
/usr/bin/cmake -E cmake_progress_report /home/joe/workingOn/CMakeFiles/CMakeTmp/CMakeFiles 1
Building C object CMakeFiles/cmTryCompileExec.dir/CMakeCCompilerABI.c.o
/usr/bin/gcc    -o CMakeFiles/cmTryCompileExec.dir/CMakeCCompilerABI.c.o   -c /usr/share/cmake-2.8/Modules/CMakeCCompilerABI.c
Linking C executable cmTryCompileExec
/usr/bin/cmake -E cmake_link_script CMakeFiles/cmTryCompileExec.dir/link.txt --verbose=1
/usr/bin/gcc       -v CMakeFiles/cmTryCompileExec.dir/CMakeCCompilerABI.c.o  -o cmTryCompileExec -rdynamic  
Using built-in specs.
COLLECT_GCC=/usr/bin/gcc
COLLECT_LTO_WRAPPER=/usr/lib/gcc/i686-linux-gnu/4.6/lto-wrapper
Target: i686-linux-gnu
Configured with: ../src/configure -v --with-pkgversion='Ubuntu/Linaro 4.6.3-1ubuntu5' --with-bugurl=file:///usr/share/doc/gcc-4.6/README.Bugs --enable-languages=c,c++,fortran,objc,obj-c++ --prefix=/usr --program-suffix=-4.6 --enable-shared --enable-linker-build-id --with-system-zlib --libexecdir=/usr/lib --without-included-gettext --enable-threads=posix --with-gxx-include-dir=/usr/include/c++/4.6 --libdir=/usr/lib --enable-nls --with-sysroot=/ --enable-clocale=gnu --enable-libstdcxx-debug --enable-libstdcxx-time=yes --enable-gnu-unique-object --enable-plugin --enable-objc-gc --enable-targets=all --disable-werror --with-arch-32=i686 --with-tune=generic --enable-checking=release --build=i686-linux-gnu --host=i686-linux-gnu --target=i686-linux-gnu
Thread model: posix
gcc version 4.6.3 (Ubuntu/Linaro 4.6.3-1ubuntu5) 
COMPILER_PATH=/usr/lib/gcc/i686-linux-gnu/4.6/:/usr/lib/gcc/i686-linux-gnu/4.6/:/usr/lib/gcc/i686-linux-gnu/:/usr/lib/gcc/i686-linux-gnu/4.6/:/usr/lib/gcc/i686-linux-gnu/
LIBRARY_PATH=/usr/lib/gcc/i686-linux-gnu/4.6/:/usr/lib/gcc/i686-linux-gnu/4.6/../../../i386-linux-gnu/:/usr/lib/gcc/i686-linux-gnu/4.6/../../../../lib/:/lib/i386-linux-gnu/:/lib/../lib/:/usr/lib/i386-linux-gnu/:/usr/lib/../lib/:/usr/lib/gcc/i686-linux-gnu/4.6/../../../:/lib/:/usr/lib/
COLLECT_GCC_OPTIONS='-v' '-o' 'cmTryCompileExec' '-rdynamic' '-mtune=generic' '-march=i686'
 /usr/lib/gcc/i686-linux-gnu/4.6/collect2 --sysroot=/ --build-id --no-add-needed --as-needed --eh-frame-hdr -m elf_i386 --hash-style=gnu -export-dynamic -dynamic-linker /lib/ld-linux.so.2 -z relro -o cmTryCompileExec /usr/lib/gcc/i686-linux-gnu/4.6/../../../i386-linux-gnu/crt1.o /usr/lib/gcc/i686-linux-gnu/4.6/../../../i386-linux-gnu/crti.o /usr/lib/gcc/i686-linux-gnu/4.6/crtbegin.o -L/usr/lib/gcc/i686-linux-gnu/4.6 -L/usr/lib/gcc/i686-linux-gnu/4.6/../../../i386-linux-gnu -L/usr/lib/gcc/i686-linux-gnu/4.6/../../../../lib -L/lib/i386-linux-gnu -L/lib/../lib -L/usr/lib/i386-linux-gnu -L/usr/lib/../lib -L/usr/lib/gcc/i686-linux-gnu/4.6/../../.. CMakeFiles/cmTryCompileExec.dir/CMakeCCompilerABI.c.o -lgcc --as-needed -lgcc_s --no-as-needed -lc -lgcc --as-needed -lgcc_s --no-as-needed /usr/lib/gcc/i686-linux-gnu/4.6/crtend.o /usr/lib/gcc/i686-linux-gnu/4.6/../../../i386-linux-gnu/crtn.o
make[1]: Leaving directory `/home/joe/workingOn/CMakeFiles/CMakeTmp'


Parsed C implicit link information from above output:
  link line regex: [^( *|.*[/\])(ld|ld|collect2)[^/\]*( |$)]
  ignore line: [Change Dir: /home/joe/workingOn/CMakeFiles/CMakeTmp]
  ignore line: []
  ignore line: [Run Build Command:/usr/bin/make "cmTryCompileExec/fast"]
  ignore line: [/usr/bin/make -f CMakeFiles/cmTryCompileExec.dir/build.make CMakeFiles/cmTryCompileExec.dir/build]
  ignore line: [make[1]: Entering directory `/home/joe/workingOn/CMakeFiles/CMakeTmp']
  ignore line: [/usr/bin/cmake -E cmake_progress_report /home/joe/workingOn/CMakeFiles/CMakeTmp/CMakeFiles 1]
  ignore line: [Building C object CMakeFiles/cmTryCompileExec.dir/CMakeCCompilerABI.c.o]
  ignore line: [/usr/bin/gcc    -o CMakeFiles/cmTryCompileExec.dir/CMakeCCompilerABI.c.o   -c /usr/share/cmake-2.8/Modules/CMakeCCompilerABI.c]
  ignore line: [Linking C executable cmTryCompileExec]
  ignore line: [/usr/bin/cmake -E cmake_link_script CMakeFiles/cmTryCompileExec.dir/link.txt --verbose=1]
  ignore line: [/usr/bin/gcc       -v CMakeFiles/cmTryCompileExec.dir/CMakeCCompilerABI.c.o  -o cmTryCompileExec -rdynamic  ]
  ignore line: [Using built-in specs.]
  ignore line: [COLLECT_GCC=/usr/bin/gcc]
  ignore line: [COLLECT_LTO_WRAPPER=/usr/lib/gcc/i686-linux-gnu/4.6/lto-wrapper]
  ignore line: [Target: i686-linux-gnu]
  ignore line: [Configured with: ../src/configure -v --with-pkgversion='Ubuntu/Linaro 4.6.3-1ubuntu5' --with-bugurl=file:///usr/share/doc/gcc-4.6/README.Bugs --enable-languages=c,c++,fortran,objc,obj-c++ --prefix=/usr --program-suffix=-4.6 --enable-shared --enable-linker-build-id --with-system-zlib --libexecdir=/usr/lib --without-included-gettext --enable-threads=posix --with-gxx-include-dir=/usr/include/c++/4.6 --libdir=/usr/lib --enable-nls --with-sysroot=/ --enable-clocale=gnu --enable-libstdcxx-debug --enable-libstdcxx-time=yes --enable-gnu-unique-object --enable-plugin --enable-objc-gc --enable-targets=all --disable-werror --with-arch-32=i686 --with-tune=generic --enable-checking=release --build=i686-linux-gnu --host=i686-linux-gnu --target=i686-linux-gnu]
  ignore line: [Thread model: posix]
  ignore line: [gcc version 4.6.3 (Ubuntu/Linaro 4.6.3-1ubuntu5) ]
  ignore line: [COMPILER_PATH=/usr/lib/gcc/i686-linux-gnu/4.6/:/usr/lib/gcc/i686-linux-gnu/4.6/:/usr/lib/gcc/i686-linux-gnu/:/usr/lib/gcc/i686-linux-gnu/4.6/:/usr/lib/gcc/i686-linux-gnu/]
  ignore line: [LIBRARY_PATH=/usr/lib/gcc/i686-linux-gnu/4.6/:/usr/lib/gcc/i686-linux-gnu/4.6/../../../i386-linux-gnu/:/usr/lib/gcc/i686-linux-gnu/4.6/../../../../lib/:/lib/i386-linux-gnu/:/lib/../lib/:/usr/lib/i386-linux-gnu/:/usr/lib/../lib/:/usr/lib/gcc/i686-linux-gnu/4.6/../../../:/lib/:/usr/lib/]
  ignore line: [COLLECT_GCC_OPTIONS='-v' '-o' 'cmTryCompileExec' '-rdynamic' '-mtune=generic' '-march=i686']
  link line: [ /usr/lib/gcc/i686-linux-gnu/4.6/collect2 --sysroot=/ --build-id --no-add-needed --as-needed --eh-frame-hdr -m elf_i386 --hash-style=gnu -export-dynamic -dynamic-linker /lib/ld-linux.so.2 -z relro -o cmTryCompileExec /usr/lib/gcc/i686-linux-gnu/4.6/../../../i386-linux-gnu/crt1.o /usr/lib/gcc/i686-linux-gnu/4.6/../../../i386-linux-gnu/crti.o /usr/lib/gcc/i686-linux-gnu/4.6/crtbegin.o -L/usr/lib/gcc/i686-linux-gnu/4.6 -L/usr/lib/gcc/i686-linux-gnu/4.6/../../../i386-linux-gnu -L/usr/lib/gcc/i686-linux-gnu/4.6/../../../../lib -L/lib/i386-linux-gnu -L/lib/../lib -L/usr/lib/i386-linux-gnu -L/usr/lib/../lib -L/usr/lib/gcc/i686-linux-gnu/4.6/../../.. CMakeFiles/cmTryCompileExec.dir/CMakeCCompilerABI.c.o -lgcc --as-needed -lgcc_s --no-as-needed -lc -lgcc --as-needed -lgcc_s --no-as-needed /usr/lib/gcc/i686-linux-gnu/4.6/crtend.o /usr/lib/gcc/i686-linux-gnu/4.6/../../../i386-linux-gnu/crtn.o]
    arg [/usr/lib/gcc/i686-linux-gnu/4.6/collect2] ==> ignore
    arg [--sysroot=/] ==> ignore
    arg [--build-id] ==> ignore
    arg [--no-add-needed] ==> ignore
    arg [--as-needed] ==> ignore
    arg [--eh-frame-hdr] ==> ignore
    arg [-m] ==> ignore
    arg [elf_i386] ==> ignore
    arg [--hash-style=gnu] ==> ignore
    arg [-export-dynamic] ==> ignore
    arg [-dynamic-linker] ==> ignore
    arg [/lib/ld-linux.so.2] ==> ignore
    arg [-zrelro] ==> ignore
    arg [-o] ==> ignore
    arg [cmTryCompileExec] ==> ignore
    arg [/usr/lib/gcc/i686-linux-gnu/4.6/../../../i386-linux-gnu/crt1.o] ==> ignore
    arg [/usr/lib/gcc/i686-linux-gnu/4.6/../../../i386-linux-gnu/crti.o] ==> ignore
    arg [/usr/lib/gcc/i686-linux-gnu/4.6/crtbegin.o] ==> ignore
    arg [-L/usr/lib/gcc/i686-linux-gnu/4.6] ==> dir [/usr/lib/gcc/i686-linux-gnu/4.6]
    arg [-L/usr/lib/gcc/i686-linux-gnu/4.6/../../../i386-linux-gnu] ==> dir [/usr/lib/gcc/i686-linux-gnu/4.6/../../../i386-linux-gnu]
    arg [-L/usr/lib/gcc/i686-linux-gnu/4.6/../../../../lib] ==> dir [/usr/lib/gcc/i686-linux-gnu/4.6/../../../../lib]
    arg [-L/lib/i386-linux-gnu] ==> dir [/lib/i386-linux-gnu]
    arg [-L/lib/../lib] ==> dir [/lib/../lib]
    arg [-L/usr/lib/i386-linux-gnu] ==> dir [/usr/lib/i386-linux-gnu]
    arg [-L/usr/lib/../lib] ==> dir [/usr/lib/../lib]
    arg [-L/usr/lib/gcc/i686-linux-gnu/4.6/../../..] ==> dir [/usr/lib/gcc/i686-linux-gnu/4.6/../../..]
    arg [CMakeFiles/cmTryCompileExec.dir/CMakeCCompilerABI.c.o] ==> ignore
    arg [-lgcc] ==> lib [gcc]
    arg [--as-needed] ==> ignore
    arg [-lgcc_s] ==> lib [gcc_s]
    arg [--no-as-needed] ==> ignore
    arg [-lc] ==> lib [c]
    arg [-lgcc] ==> lib [gcc]
    arg [--as-needed] ==> ignore
    arg [-lgcc_s] ==> lib [gcc_s]
    arg [--no-as-needed] ==> ignore
    arg [/usr/lib/gcc/i686-linux-gnu/4.6/crtend.o] ==> ignore
    arg [/usr/lib/gcc/i686-linux-gnu/4.6/../../../i386-linux-gnu/crtn.o] ==> ignore
  remove lib [gcc]
  remove lib [gcc_s]
  remove lib [gcc]
  remove lib [gcc_s]
  collapse dir [/usr/lib/gcc/i686-linux-gnu/4.6] ==> [/usr/lib/gcc/i686-linux-gnu/4.6]
  collapse dir [/usr/lib/gcc/i686-linux-gnu/4.6/../../../i386-linux-gnu] ==> [/usr/lib/i386-linux-gnu]
  collapse dir [/usr/lib/gcc/i686-linux-gnu/4.6/../../../../lib] ==> [/usr/lib]
  collapse dir [/lib/i386-linux-gnu] ==> [/lib/i386-linux-gnu]
  collapse dir [/lib/../lib] ==> [/lib]
  collapse dir [/usr/lib/i386-linux-gnu] ==> [/usr/lib/i386-linux-gnu]
  collapse dir [/usr/lib/../lib] ==> [/usr/lib]
  collapse dir [/usr/lib/gcc/i686-linux-gnu/4.6/../../..] ==> [/usr/lib]
  implicit libs: [c]
  implicit dirs: [/usr/lib/gcc/i686-linux-gnu/4.6;/usr/lib/i386-linux-gnu;/usr/lib;/lib/i386-linux-gnu;/lib]


Determining if the CXX compiler works passed with the following output:
Change Dir: /home/joe/workingOn/CMakeFiles/CMakeTmp

Run Build Command:/usr/bin/make "cmTryCompileExec/fast"
/usr/bin/make -f CMakeFiles/cmTryCompileExec.dir/build.make CMakeFiles/cmTryCompileExec.dir/build
make[1]: Entering directory `/home/joe/workingOn/CMakeFiles/CMakeTmp'
/usr/bin/cmake -E cmake_progress_report /home/joe/workingOn/CMakeFiles/CMakeTmp/CMakeFiles 1
Building CXX object CMakeFiles/cmTryCompileExec.dir/testCXXCompiler.cxx.o
/usr/bin/c++     -o CMakeFiles/cmTryCompileExec.dir/testCXXCompiler.cxx.o -c /home/joe/workingOn/CMakeFiles/CMakeTmp/testCXXCompiler.cxx
Linking CXX executable cmTryCompileExec
/usr/bin/cmake -E cmake_link_script CMakeFiles/cmTryCompileExec.dir/link.txt --verbose=1
/usr/bin/c++          CMakeFiles/cmTryCompileExec.dir/testCXXCompiler.cxx.o  -o cmTryCompileExec -rdynamic 
make[1]: Leaving directory `/home/joe/workingOn/CMakeFiles/CMakeTmp'


Detecting CXX compiler ABI info compiled with the following output:
Change Dir: /home/joe/workingOn/CMakeFiles/CMakeTmp

Run Build Command:/usr/bin/make "cmTryCompileExec/fast"
/usr/bin/make -f CMakeFiles/cmTryCompileExec.dir/build.make CMakeFiles/cmTryCompileExec.dir/build
make[1]: Entering directory `/home/joe/workingOn/CMakeFiles/CMakeTmp'
/usr/bin/cmake -E cmake_progress_report /home/joe/workingOn/CMakeFiles/CMakeTmp/CMakeFiles 1
Building CXX object CMakeFiles/cmTryCompileExec.dir/CMakeCXXCompilerABI.cpp.o
/usr/bin/c++     -o CMakeFiles/cmTryCompileExec.dir/CMakeCXXCompilerABI.cpp.o -c /usr/share/cmake-2.8/Modules/CMakeCXXCompilerABI.cpp
Linking CXX executable cmTryCompileExec
/usr/bin/cmake -E cmake_link_script CMakeFiles/cmTryCompileExec.dir/link.txt --verbose=1
/usr/bin/c++        -v CMakeFiles/cmTryCompileExec.dir/CMakeCXXCompilerABI.cpp.o  -o cmTryCompileExec -rdynamic  
Using built-in specs.
COLLECT_GCC=/usr/bin/c++
COLLECT_LTO_WRAPPER=/usr/lib/gcc/i686-linux-gnu/4.6/lto-wrapper
Target: i686-linux-gnu
Configured with: ../src/configure -v --with-pkgversion='Ubuntu/Linaro 4.6.3-1ubuntu5' --with-bugurl=file:///usr/share/doc/gcc-4.6/README.Bugs --enable-languages=c,c++,fortran,objc,obj-c++ --prefix=/usr --program-suffix=-4.6 --enable-shared --enable-linker-build-id --with-system-zlib --libexecdir=/usr/lib --without-included-gettext --enable-threads=posix --with-gxx-include-dir=/usr/include/c++/4.6 --libdir=/usr/lib --enable-nls --with-sysroot=/ --enable-clocale=gnu --enable-libstdcxx-debug --enable-libstdcxx-time=yes --enable-gnu-unique-object --enable-plugin --enable-objc-gc --enable-targets=all --disable-werror --with-arch-32=i686 --with-tune=generic --enable-checking=release --build=i686-linux-gnu --host=i686-linux-gnu --target=i686-linux-gnu
Thread model: posix
gcc version 4.6.3 (Ubuntu/Linaro 4.6.3-1ubuntu5) 
COMPILER_PATH=/usr/lib/gcc/i686-linux-gnu/4.6/:/usr/lib/gcc/i686-linux-gnu/4.6/:/usr/lib/gcc/i686-linux-gnu/:/usr/lib/gcc/i686-linux-gnu/4.6/:/usr/lib/gcc/i686-linux-gnu/
LIBRARY_PATH=/usr/lib/gcc/i686-linux-gnu/4.6/:/usr/lib/gcc/i686-linux-gnu/4.6/../../../i386-linux-gnu/:/usr/lib/gcc/i686-linux-gnu/4.6/../../../../lib/:/lib/i386-linux-gnu/:/lib/../lib/:/usr/lib/i386-linux-gnu/:/usr/lib/../lib/:/usr/lib/gcc/i686-linux-gnu/4.6/../../../:/lib/:/usr/lib/
COLLECT_GCC_OPTIONS='-v' '-o' 'cmTryCompileExec' '-rdynamic' '-shared-libgcc' '-mtune=generic' '-march=i686'
 /usr/lib/gcc/i686-linux-gnu/4.6/collect2 --sysroot=/ --build-id --no-add-needed --as-needed --eh-frame-hdr -m elf_i386 --hash-style=gnu -export-dynamic -dynamic-linker /lib/ld-linux.so.2 -z relro -o cmTryCompileExec /usr/lib/gcc/i686-linux-gnu/4.6/../../../i386-linux-gnu/crt1.o /usr/lib/gcc/i686-linux-gnu/4.6/../../../i386-linux-gnu/crti.o /usr/lib/gcc/i686-linux-gnu/4.6/crtbegin.o -L/usr/lib/gcc/i686-linux-gnu/4.6 -L/usr/lib/gcc/i686-linux-gnu/4.6/../../../i386-linux-gnu -L/usr/lib/gcc/i686-linux-gnu/4.6/../../../../lib -L/lib/i386-linux-gnu -L/lib/../lib -L/usr/lib/i386-linux-gnu -L/usr/lib/../lib -L/usr/lib/gcc/i686-linux-gnu/4.6/../../.. CMakeFiles/cmTryCompileExec.dir/CMakeCXXCompilerABI.cpp.o -lstdc++ -lm -lgcc_s -lgcc -lc -lgcc_s -lgcc /usr/lib/gcc/i686-linux-gnu/4.6/crtend.o /usr/lib/gcc/i686-linux-gnu/4.6/../../../i386-linux-gnu/crtn.o
make[1]: Leaving directory `/home/joe/workingOn/CMakeFiles/CMakeTmp'


Parsed CXX implicit link information from above output:
  link line regex: [^( *|.*[/\])(ld|ld|collect2)[^/\]*( |$)]
  ignore line: [Change Dir: /home/joe/workingOn/CMakeFiles/CMakeTmp]
  ignore line: []
  ignore line: [Run Build Command:/usr/bin/make "cmTryCompileExec/fast"]
  ignore line: [/usr/bin/make -f CMakeFiles/cmTryCompileExec.dir/build.make CMakeFiles/cmTryCompileExec.dir/build]
  ignore line: [make[1]: Entering directory `/home/joe/workingOn/CMakeFiles/CMakeTmp']
  ignore line: [/usr/bin/cmake -E cmake_progress_report /home/joe/workingOn/CMakeFiles/CMakeTmp/CMakeFiles 1]
  ignore line: [Building CXX object CMakeFiles/cmTryCompileExec.dir/CMakeCXXCompilerABI.cpp.o]
  ignore line: [/usr/bin/c++     -o CMakeFiles/cmTryCompileExec.dir/CMakeCXXCompilerABI.cpp.o -c /usr/share/cmake-2.8/Modules/CMakeCXXCompilerABI.cpp]
  ignore line: [Linking CXX executable cmTryCompileExec]
  ignore line: [/usr/bin/cmake -E cmake_link_script CMakeFiles/cmTryCompileExec.dir/link.txt --verbose=1]
  ignore line: [/usr/bin/c++        -v CMakeFiles/cmTryCompileExec.dir/CMakeCXXCompilerABI.cpp.o  -o cmTryCompileExec -rdynamic  ]
  ignore line: [Using built-in specs.]
  ignore line: [COLLECT_GCC=/usr/bin/c++]
  ignore line: [COLLECT_LTO_WRAPPER=/usr/lib/gcc/i686-linux-gnu/4.6/lto-wrapper]
  ignore line: [Target: i686-linux-gnu]
  ignore line: [Configured with: ../src/configure -v --with-pkgversion='Ubuntu/Linaro 4.6.3-1ubuntu5' --with-bugurl=file:///usr/share/doc/gcc-4.6/README.Bugs --enable-languages=c,c++,fortran,objc,obj-c++ --prefix=/usr --program-suffix=-4.6 --enable-shared --enable-linker-build-id --with-system-zlib --libexecdir=/usr/lib --without-included-gettext --enable-threads=posix --with-gxx-include-dir=/usr/include/c++/4.6 --libdir=/usr/lib --enable-nls --with-sysroot=/ --enable-clocale=gnu --enable-libstdcxx-debug --enable-libstdcxx-time=yes --enable-gnu-unique-object --enable-plugin --enable-objc-gc --enable-targets=all --disable-werror --with-arch-32=i686 --with-tune=generic --enable-checking=release --build=i686-linux-gnu --host=i686-linux-gnu --target=i686-linux-gnu]
  ignore line: [Thread model: posix]
  ignore line: [gcc version 4.6.3 (Ubuntu/Linaro 4.6.3-1ubuntu5) ]
  ignore line: [COMPILER_PATH=/usr/lib/gcc/i686-linux-gnu/4.6/:/usr/lib/gcc/i686-linux-gnu/4.6/:/usr/lib/gcc/i686-linux-gnu/:/usr/lib/gcc/i686-linux-gnu/4.6/:/usr/lib/gcc/i686-linux-gnu/]
  ignore line: [LIBRARY_PATH=/usr/lib/gcc/i686-linux-gnu/4.6/:/usr/lib/gcc/i686-linux-gnu/4.6/../../../i386-linux-gnu/:/usr/lib/gcc/i686-linux-gnu/4.6/../../../../lib/:/lib/i386-linux-gnu/:/lib/../lib/:/usr/lib/i386-linux-gnu/:/usr/lib/../lib/:/usr/lib/gcc/i686-linux-gnu/4.6/../../../:/lib/:/usr/lib/]
  ignore line: [COLLECT_GCC_OPTIONS='-v' '-o' 'cmTryCompileExec' '-rdynamic' '-shared-libgcc' '-mtune=generic' '-march=i686']
  link line: [ /usr/lib/gcc/i686-linux-gnu/4.6/collect2 --sysroot=/ --build-id --no-add-needed --as-needed --eh-frame-hdr -m elf_i386 --hash-style=gnu -export-dynamic -dynamic-linker /lib/ld-linux.so.2 -z relro -o cmTryCompileExec /usr/lib/gcc/i686-linux-gnu/4.6/../../../i386-linux-gnu/crt1.o /usr/lib/gcc/i686-linux-gnu/4.6/../../../i386-linux-gnu/crti.o /usr/lib/gcc/i686-linux-gnu/4.6/crtbegin.o -L/usr/lib/gcc/i686-linux-gnu/4.6 -L/usr/lib/gcc/i686-linux-gnu/4.6/../../../i386-linux-gnu -L/usr/lib/gcc/i686-linux-gnu/4.6/../../../../lib -L/lib/i386-linux-gnu -L/lib/../lib -L/usr/lib/i386-linux-gnu -L/usr/lib/../lib -L/usr/lib/gcc/i686-linux-gnu/4.6/../../.. CMakeFiles/cmTryCompileExec.dir/CMakeCXXCompilerABI.cpp.o -lstdc++ -lm -lgcc_s -lgcc -lc -lgcc_s -lgcc /usr/lib/gcc/i686-linux-gnu/4.6/crtend.o /usr/lib/gcc/i686-linux-gnu/4.6/../../../i386-linux-gnu/crtn.o]
    arg [/usr/lib/gcc/i686-linux-gnu/4.6/collect2] ==> ignore
    arg [--sysroot=/] ==> ignore
    arg [--build-id] ==> ignore
    arg [--no-add-needed] ==> ignore
    arg [--as-needed] ==> ignore
    arg [--eh-frame-hdr] ==> ignore
    arg [-m] ==> ignore
    arg [elf_i386] ==> ignore
    arg [--hash-style=gnu] ==> ignore
    arg [-export-dynamic] ==> ignore
    arg [-dynamic-linker] ==> ignore
    arg [/lib/ld-linux.so.2] ==> ignore
    arg [-zrelro] ==> ignore
    arg [-o] ==> ignore
    arg [cmTryCompileExec] ==> ignore
    arg [/usr/lib/gcc/i686-linux-gnu/4.6/../../../i386-linux-gnu/crt1.o] ==> ignore
    arg [/usr/lib/gcc/i686-linux-gnu/4.6/../../../i386-linux-gnu/crti.o] ==> ignore
    arg [/usr/lib/gcc/i686-linux-gnu/4.6/crtbegin.o] ==> ignore
    arg [-L/usr/lib/gcc/i686-linux-gnu/4.6] ==> dir [/usr/lib/gcc/i686-linux-gnu/4.6]
    arg [-L/usr/lib/gcc/i686-linux-gnu/4.6/../../../i386-linux-gnu] ==> dir [/usr/lib/gcc/i686-linux-gnu/4.6/../../../i386-linux-gnu]
    arg [-L/usr/lib/gcc/i686-linux-gnu/4.6/../../../../lib] ==> dir [/usr/lib/gcc/i686-linux-gnu/4.6/../../../../lib]
    arg [-L/lib/i386-linux-gnu] ==> dir [/lib/i386-linux-gnu]
    arg [-L/lib/../lib] ==> dir [/lib/../lib]
    arg [-L/usr/lib/i386-linux-gnu] ==> dir [/usr/lib/i386-linux-gnu]
    arg [-L/usr/lib/../lib] ==> dir [/usr/lib/../lib]
    arg [-L/usr/lib/gcc/i686-linux-gnu/4.6/../../..] ==> dir [/usr/lib/gcc/i686-linux-gnu/4.6/../../..]
    arg [CMakeFiles/cmTryCompileExec.dir/CMakeCXXCompilerABI.cpp.o] ==> ignore
    arg [-lstdc++] ==> lib [stdc++]
    arg [-lm] ==> lib [m]
    arg [-lgcc_s] ==> lib [gcc_s]
    arg [-lgcc] ==> lib [gcc]
    arg [-lc] ==> lib [c]
    arg [-lgcc_s] ==> lib [gcc_s]
    arg [-lgcc] ==> lib [gcc]
    arg [/usr/lib/gcc/i686-linux-gnu/4.6/crtend.o] ==> ignore
    arg [/usr/lib/gcc/i686-linux-gnu/4.6/../../../i386-linux-gnu/crtn.o] ==> ignore
  remove lib [gcc_s]
  remove lib [gcc]
  remove lib [gcc_s]
  remove lib [gcc]
  collapse dir [/usr/lib/gcc/i686-linux-gnu/4.6] ==> [/usr/lib/gcc/i686-linux-gnu/4.6]
  collapse dir [/usr/lib/gcc/i686-linux-gnu/4.6/../../../i386-linux-gnu] ==> [/usr/lib/i386-linux-gnu]
  collapse dir [/usr/lib/gcc/i686-linux-gnu/4.6/../../../../lib] ==> [/usr/lib]
  collapse dir [/lib/i386-linux-gnu] ==> [/lib/i386-linux-gnu]
  collapse dir [/lib/../lib] ==> [/lib]
  collapse dir [/usr/lib/i386-linux-gnu] ==> [/usr/lib/i386-linux-gnu]
  collapse dir [/usr/lib/../lib] ==> [/usr/lib]
  collapse dir [/usr/lib/gcc/i686-linux-gnu/4.6/../../..] ==> [/usr/lib]
  implicit libs: [stdc++;m;c]
  implicit dirs: [/usr/lib/gcc/i686-linux-gnu/4.6;/usr/lib/i386-linux-gnu;/usr/lib;/lib/i386-linux-gnu;/lib]


Determining if the Q_WS_X11 exist passed with the following output:
Change Dir: /home/joe/workingOn/CMakeFiles/CMakeTmp

Run Build Command:/usr/bin/make "cmTryCompileExec/fast"
/usr/bin/make -f CMakeFiles/cmTryCompileExec.dir/build.make CMakeFiles/cmTryCompileExec.dir/build
make[1]: Entering directory `/home/joe/workingOn/CMakeFiles/CMakeTmp'
/usr/bin/cmake -E cmake_progress_report /home/joe/workingOn/CMakeFiles/CMakeTmp/CMakeFiles 1
Building CXX object CMakeFiles/cmTryCompileExec.dir/CheckSymbolExists.cxx.o
/usr/bin/c++    -Wno-deprecated   -I/usr/local/Trolltech/Qt-4.8.4/include    -o CMakeFiles/cmTryCompileExec.dir/CheckSymbolExists.cxx.o -c /home/joe/workingOn/CMakeFiles/CMakeTmp/CheckSymbolExists.cxx
Linking CXX executable cmTryCompileExec
/usr/bin/cmake -E cmake_link_script CMakeFiles/cmTryCompileExec.dir/link.txt --verbose=1
/usr/bin/c++      -Wno-deprecated      CMakeFiles/cmTryCompileExec.dir/CheckSymbolExists.cxx.o  -o cmTryCompileExec -rdynamic 
make[1]: Leaving directory `/home/joe/workingOn/CMakeFiles/CMakeTmp'

File /home/joe/workingOn/CMakeFiles/CMakeTmp/CheckSymbolExists.cxx:
/* */
#include <QtCore/qglobal.h>

void cmakeRequireSymbol(int dummy,...){(void)dummy;}
int main()
{
#ifndef Q_WS_X11
  cmakeRequireSymbol(0,&Q_WS_X11);
#endif
  return 0;
}

